

Date：2023-02-21 10:17:56.478
LogLevel：Error
Message： 
****************************异常文本****************************
【出现时间】：2023/2/21 10:17:56
【异常类型】：NullReferenceException
【异常信息】：未将对象引用设置到对象的实例。
【堆栈调用】：   在 CamerADCore.GameSystem.GameWindowSys.MainWindowSys.UpdataGroupTreeView(TreeView groupTreeView, List`1& projectsModels) 位置 D:\WorkProject\C#Project\机器测试\CamerADCore\CamerADCore\GameSystem\GameWindowSys\MainWindowSys.cs:行号 29
   在 CamerADCore.GameSystem.GameWindow.MainWindow.MainWindow_Load(Object sender, EventArgs e) 位置 D:\WorkProject\C#Project\机器测试\CamerADCore\CamerADCore\GameSystem\GameWindow\MainWindow.cs:行号 35
   在 System.Windows.Forms.Form.OnLoad(EventArgs e)
   在 System.Windows.Forms.Form.OnCreateControl()
   在 System.Windows.Forms.Control.CreateControl(Boolean fIgnoreVisible)
   在 System.Windows.Forms.Control.CreateControl()
   在 System.Windows.Forms.Control.WmShowWindow(Message& m)
   在 System.Windows.Forms.Control.WndProc(Message& m)
   在 System.Windows.Forms.ScrollableControl.WndProc(Message& m)
   在 System.Windows.Forms.Form.WmShowWindow(Message& m)
   在 System.Windows.Forms.Form.WndProc(Message& m)
   在 System.Windows.Forms.Control.ControlNativeWindow.OnMessage(Message& m)
   在 System.Windows.Forms.Control.ControlNativeWindow.WndProc(Message& m)
   在 System.Windows.Forms.NativeWindow.Callback(IntPtr hWnd, Int32 msg, IntPtr wparam, IntPtr lparam)
【异常方法】：Void UpdataGroupTreeView(System.Windows.Forms.TreeView, System.Collections.Generic.List`1[CameraADCoreModel.GameModel.ProjectModel] ByRef)
***************************************************************

--------------------------------------------------